<ShowPlanXML xmlns="http://schemas.microsoft.com/sqlserver/2004/07/showplan" Version="1.2" Build="12.0.2000.8"><BatchSequence><Batch><Statements><StmtSimple StatementText="(@p__linq__0 varchar(8000))SELECT TOP (1) &#xD;&#xA;    [Extent1].[BookId] AS [BookId], &#xD;&#xA;    [Extent1].[ISBN] AS [ISBN], &#xD;&#xA;    [Extent1].[Title] AS [Title], &#xD;&#xA;    [Extent1].[Author] AS [Author], &#xD;&#xA;    [Extent1].[Copies] AS [Copies], &#xD;&#xA;    [Extent1].[Large] AS [Large], &#xD;&#xA;    [Extent1].[PublishDate] AS [PublishDate]&#xD;&#xA;    FROM [dbo].[Books] AS [Extent1]&#xD;&#xA;    WHERE [Extent1].[ISBN] = @p__linq__0" StatementId="1" StatementCompId="1" StatementType="SELECT" RetrievedFromCache="true" StatementSubTreeCost="0.0032832" StatementEstRows="1" StatementOptmLevel="TRIVIAL" QueryHash="0xAB519C74A9BDDD0E" QueryPlanHash="0xEDD05655F9A394A1" CardinalityEstimationModelVersion="120"><StatementSetOptions QUOTED_IDENTIFIER="true" ARITHABORT="false" CONCAT_NULL_YIELDS_NULL="true" ANSI_NULLS="true" ANSI_PADDING="true" ANSI_WARNINGS="true" NUMERIC_ROUNDABORT="false" /><QueryPlan CachedPlanSize="24" CompileTime="0" CompileCPU="0" CompileMemory="168"><MemoryGrantInfo SerialRequiredMemory="0" SerialDesiredMemory="0" /><OptimizerHardwareDependentProperties EstimatedAvailableMemoryGrant="102400" EstimatedPagesCached="25600" EstimatedAvailableDegreeOfParallelism="2" /><RelOp NodeId="0" PhysicalOp="Top" LogicalOp="Top" EstimateRows="1" EstimateIO="0" EstimateCPU="1e-007" AvgRowSize="240" EstimatedTotalSubtreeCost="0.0032832" Parallel="0" EstimateRebinds="0" EstimateRewinds="0" EstimatedExecutionMode="Row"><OutputList><ColumnReference Database="[MagicBooks]" Schema="[dbo]" Table="[Books]" Alias="[Extent1]" Column="BookId" /><ColumnReference Database="[MagicBooks]" Schema="[dbo]" Table="[Books]" Alias="[Extent1]" Column="ISBN" /><ColumnReference Database="[MagicBooks]" Schema="[dbo]" Table="[Books]" Alias="[Extent1]" Column="Title" /><ColumnReference Database="[MagicBooks]" Schema="[dbo]" Table="[Books]" Alias="[Extent1]" Column="Author" /><ColumnReference Database="[MagicBooks]" Schema="[dbo]" Table="[Books]" Alias="[Extent1]" Column="Copies" /><ColumnReference Database="[MagicBooks]" Schema="[dbo]" Table="[Books]" Alias="[Extent1]" Column="Large" /><ColumnReference Database="[MagicBooks]" Schema="[dbo]" Table="[Books]" Alias="[Extent1]" Column="PublishDate" /></OutputList><Top RowCount="0" IsPercent="0" WithTies="0"><TopExpression><ScalarOperator ScalarString="(1)"><Const ConstValue="(1)" /></ScalarOperator></TopExpression><RelOp NodeId="1" PhysicalOp="Index Seek" LogicalOp="Index Seek" EstimateRows="1" EstimateIO="0.003125" EstimateCPU="0.0001581" AvgRowSize="240" EstimatedTotalSubtreeCost="0.0032831" TableCardinality="5e+006" Parallel="0" EstimateRebinds="0" EstimateRewinds="0" EstimatedExecutionMode="Row"><OutputList><ColumnReference Database="[MagicBooks]" Schema="[dbo]" Table="[Books]" Alias="[Extent1]" Column="BookId" /><ColumnReference Database="[MagicBooks]" Schema="[dbo]" Table="[Books]" Alias="[Extent1]" Column="ISBN" /><ColumnReference Database="[MagicBooks]" Schema="[dbo]" Table="[Books]" Alias="[Extent1]" Column="Title" /><ColumnReference Database="[MagicBooks]" Schema="[dbo]" Table="[Books]" Alias="[Extent1]" Column="Author" /><ColumnReference Database="[MagicBooks]" Schema="[dbo]" Table="[Books]" Alias="[Extent1]" Column="Copies" /><ColumnReference Database="[MagicBooks]" Schema="[dbo]" Table="[Books]" Alias="[Extent1]" Column="Large" /><ColumnReference Database="[MagicBooks]" Schema="[dbo]" Table="[Books]" Alias="[Extent1]" Column="PublishDate" /></OutputList><IndexScan Ordered="1" ScanDirection="FORWARD" ForcedIndex="0" ForceSeek="0" ForceScan="0" NoExpandHint="0" Storage="RowStore"><DefinedValues><DefinedValue><ColumnReference Database="[MagicBooks]" Schema="[dbo]" Table="[Books]" Alias="[Extent1]" Column="BookId" /></DefinedValue><DefinedValue><ColumnReference Database="[MagicBooks]" Schema="[dbo]" Table="[Books]" Alias="[Extent1]" Column="ISBN" /></DefinedValue><DefinedValue><ColumnReference Database="[MagicBooks]" Schema="[dbo]" Table="[Books]" Alias="[Extent1]" Column="Title" /></DefinedValue><DefinedValue><ColumnReference Database="[MagicBooks]" Schema="[dbo]" Table="[Books]" Alias="[Extent1]" Column="Author" /></DefinedValue><DefinedValue><ColumnReference Database="[MagicBooks]" Schema="[dbo]" Table="[Books]" Alias="[Extent1]" Column="Copies" /></DefinedValue><DefinedValue><ColumnReference Database="[MagicBooks]" Schema="[dbo]" Table="[Books]" Alias="[Extent1]" Column="Large" /></DefinedValue><DefinedValue><ColumnReference Database="[MagicBooks]" Schema="[dbo]" Table="[Books]" Alias="[Extent1]" Column="PublishDate" /></DefinedValue></DefinedValues><Object Database="[MagicBooks]" Schema="[dbo]" Table="[Books]" Index="[NonClusteredIndex_Isbn]" Alias="[Extent1]" IndexKind="NonClustered" Storage="RowStore" /><SeekPredicates><SeekPredicateNew><SeekKeys><Prefix ScanType="EQ"><RangeColumns><ColumnReference Database="[MagicBooks]" Schema="[dbo]" Table="[Books]" Alias="[Extent1]" Column="ISBN" /></RangeColumns><RangeExpressions><ScalarOperator ScalarString="[@p__linq__0]"><Identifier><ColumnReference Column="@p__linq__0" /></Identifier></ScalarOperator></RangeExpressions></Prefix></SeekKeys></SeekPredicateNew></SeekPredicates></IndexScan></RelOp></Top></RelOp><ParameterList><ColumnReference Column="@p__linq__0" ParameterCompiledValue="'978-1-906434-93-9'" /></ParameterList></QueryPlan></StmtSimple></Statements></Batch></BatchSequence></ShowPlanXML>