<ShowPlanXML xmlns="http://schemas.microsoft.com/sqlserver/2004/07/showplan" Version="1.2" Build="12.0.2000.8"><BatchSequence><Batch><Statements><StmtSimple StatementText="(@p__linq__0 nvarchar(4000))SELECT TOP (1) &#xD;&#xA;    [Extent1].[BookId] AS [BookId], &#xD;&#xA;    [Extent1].[ISBN] AS [ISBN], &#xD;&#xA;    [Extent1].[Title] AS [Title], &#xD;&#xA;    [Extent1].[Author] AS [Author], &#xD;&#xA;    [Extent1].[Copies] AS [Copies], &#xD;&#xA;    [Extent1].[Large] AS [Large], &#xD;&#xA;    [Extent1].[PublishDate] AS [PublishDate]&#xD;&#xA;    FROM [dbo].[Books] AS [Extent1]&#xD;&#xA;    WHERE [Extent1].[ISBN] = @p__linq__0" StatementId="1" StatementCompId="1" StatementType="SELECT" RetrievedFromCache="true" StatementSubTreeCost="0.0285042" StatementEstRows="1" StatementOptmLevel="TRIVIAL" QueryHash="0xAB519C74A9BDDD0E" QueryPlanHash="0xB4C706EAABCCB70E" CardinalityEstimationModelVersion="120"><StatementSetOptions QUOTED_IDENTIFIER="true" ARITHABORT="false" CONCAT_NULL_YIELDS_NULL="true" ANSI_NULLS="true" ANSI_PADDING="true" ANSI_WARNINGS="true" NUMERIC_ROUNDABORT="false" /><QueryPlan CachedPlanSize="16" CompileTime="1" CompileCPU="1" CompileMemory="232"><Warnings><PlanAffectingConvert ConvertIssue="Seek Plan" Expression="CONVERT_IMPLICIT(nvarchar(20),[Extent1].[ISBN],0)=[@p__linq__0]" /></Warnings><MemoryGrantInfo SerialRequiredMemory="0" SerialDesiredMemory="0" /><OptimizerHardwareDependentProperties EstimatedAvailableMemoryGrant="102400" EstimatedPagesCached="25600" EstimatedAvailableDegreeOfParallelism="2" /><RelOp NodeId="0" PhysicalOp="Top" LogicalOp="Top" EstimateRows="1" EstimateIO="0" EstimateCPU="1e-007" AvgRowSize="240" EstimatedTotalSubtreeCost="0.0285042" Parallel="0" EstimateRebinds="0" EstimateRewinds="0" EstimatedExecutionMode="Row"><OutputList><ColumnReference Database="[MagicBooks]" Schema="[dbo]" Table="[Books]" Alias="[Extent1]" Column="BookId" /><ColumnReference Database="[MagicBooks]" Schema="[dbo]" Table="[Books]" Alias="[Extent1]" Column="ISBN" /><ColumnReference Database="[MagicBooks]" Schema="[dbo]" Table="[Books]" Alias="[Extent1]" Column="Title" /><ColumnReference Database="[MagicBooks]" Schema="[dbo]" Table="[Books]" Alias="[Extent1]" Column="Author" /><ColumnReference Database="[MagicBooks]" Schema="[dbo]" Table="[Books]" Alias="[Extent1]" Column="Copies" /><ColumnReference Database="[MagicBooks]" Schema="[dbo]" Table="[Books]" Alias="[Extent1]" Column="Large" /><ColumnReference Database="[MagicBooks]" Schema="[dbo]" Table="[Books]" Alias="[Extent1]" Column="PublishDate" /></OutputList><Top RowCount="0" IsPercent="0" WithTies="0"><TopExpression><ScalarOperator ScalarString="(1)"><Const ConstValue="(1)" /></ScalarOperator></TopExpression><RelOp NodeId="1" PhysicalOp="Table Scan" LogicalOp="Table Scan" EstimateRows="1" EstimateIO="50.0239" EstimateCPU="5.50016" AvgRowSize="240" EstimatedTotalSubtreeCost="0.0281016" TableCardinality="5e+006" Parallel="0" EstimateRebinds="0" EstimateRewinds="0" EstimatedExecutionMode="Row"><OutputList><ColumnReference Database="[MagicBooks]" Schema="[dbo]" Table="[Books]" Alias="[Extent1]" Column="BookId" /><ColumnReference Database="[MagicBooks]" Schema="[dbo]" Table="[Books]" Alias="[Extent1]" Column="ISBN" /><ColumnReference Database="[MagicBooks]" Schema="[dbo]" Table="[Books]" Alias="[Extent1]" Column="Title" /><ColumnReference Database="[MagicBooks]" Schema="[dbo]" Table="[Books]" Alias="[Extent1]" Column="Author" /><ColumnReference Database="[MagicBooks]" Schema="[dbo]" Table="[Books]" Alias="[Extent1]" Column="Copies" /><ColumnReference Database="[MagicBooks]" Schema="[dbo]" Table="[Books]" Alias="[Extent1]" Column="Large" /><ColumnReference Database="[MagicBooks]" Schema="[dbo]" Table="[Books]" Alias="[Extent1]" Column="PublishDate" /></OutputList><TableScan Ordered="0" ForcedIndex="0" ForceScan="0" NoExpandHint="0" Storage="RowStore"><DefinedValues><DefinedValue><ColumnReference Database="[MagicBooks]" Schema="[dbo]" Table="[Books]" Alias="[Extent1]" Column="BookId" /></DefinedValue><DefinedValue><ColumnReference Database="[MagicBooks]" Schema="[dbo]" Table="[Books]" Alias="[Extent1]" Column="ISBN" /></DefinedValue><DefinedValue><ColumnReference Database="[MagicBooks]" Schema="[dbo]" Table="[Books]" Alias="[Extent1]" Column="Title" /></DefinedValue><DefinedValue><ColumnReference Database="[MagicBooks]" Schema="[dbo]" Table="[Books]" Alias="[Extent1]" Column="Author" /></DefinedValue><DefinedValue><ColumnReference Database="[MagicBooks]" Schema="[dbo]" Table="[Books]" Alias="[Extent1]" Column="Copies" /></DefinedValue><DefinedValue><ColumnReference Database="[MagicBooks]" Schema="[dbo]" Table="[Books]" Alias="[Extent1]" Column="Large" /></DefinedValue><DefinedValue><ColumnReference Database="[MagicBooks]" Schema="[dbo]" Table="[Books]" Alias="[Extent1]" Column="PublishDate" /></DefinedValue></DefinedValues><Object Database="[MagicBooks]" Schema="[dbo]" Table="[Books]" Alias="[Extent1]" IndexKind="Heap" Storage="RowStore" /><Predicate><ScalarOperator ScalarString="CONVERT_IMPLICIT(nvarchar(20),[MagicBooks].[dbo].[Books].[ISBN] as [Extent1].[ISBN],0)=[@p__linq__0]"><Compare CompareOp="EQ"><ScalarOperator><Convert DataType="nvarchar" Length="40" Style="0" Implicit="1"><ScalarOperator><Identifier><ColumnReference Database="[MagicBooks]" Schema="[dbo]" Table="[Books]" Alias="[Extent1]" Column="ISBN" /></Identifier></ScalarOperator></Convert></ScalarOperator><ScalarOperator><Identifier><ColumnReference Column="@p__linq__0" /></Identifier></ScalarOperator></Compare></ScalarOperator></Predicate></TableScan></RelOp></Top></RelOp><ParameterList><ColumnReference Column="@p__linq__0" ParameterCompiledValue="N'978-1-906434-93-9'" /></ParameterList></QueryPlan></StmtSimple></Statements></Batch></BatchSequence></ShowPlanXML>